[8] States: 10000000, trans: 15961734  (hash use 1.4%, collisions 0.7%, BFS: 0.6 MiB)
Emulation summary:
	Transitions taken: 29640192 (2184066.9/sec)
	Messages passed:   5024885 (16.95% trans)
	States:
		Total:   18598591 (1370455.6/sec)
		Node  0: 2288951 (12.3%)
		Node  1: 3429957 (18.4%)
		Node  2: 0 (0.0%)
		Node  3: 1198949 (6.4%)
		Node  4: 2596986 (14.0%)
		Node  5: 2288959 (12.3%)
		Node  6: 6558497 (35.3%)
		Node  7: 236292 (1.3%)
		Min/max: 0.00
	BFS queue len:     20720 (0.11% states, 0.07% trans)
	State hash:
		Entries:       2147483648
		Used:          55795773 (2.6%)
		Collisions:    709665 (1.3%)
		Avg col. len.: 1.0
	State size:
		Min:           27
		Max:           27
		Avg:           27.0
	Memory usage:
		Hashtable:     256.0 MiB
		BFS queue:     0.6 MiB
BRIEF S18598591 T29640192 M5024885 R10.411 I3.112
[0] BRIEF S2288951 T3705024 M628111 R10.411 I3.112
[1] BRIEF S3429957 T3705024 M628111 R10.411 I3.112
[2] BRIEF S0 T3705024 M628111 R10.411 I3.112
[3] BRIEF S1198949 T3705024 M628111 R10.411 I3.112
[4] BRIEF S2596986 T3705024 M628111 R10.411 I3.112
[5] BRIEF S2288959 T3705024 M628111 R10.411 I3.112
[6] BRIEF S6558497 T3705024 M628111 R10.411 I3.112
[7] BRIEF S236292 T3705024 M628111 R10.411 I3.112
