[0] MPI node (0 of 8) starting...
[0] Parallel run summary:
[0] 	Time:
[0] 		Total:         24.528 sec
[0] 		Run:           4.004 sec (16.3% total)
[0] 		Idle           20.524 sec (20.397 recv, 0.127 send)
[0] 	Transitions taken: 3621622 (904559.7/sec)
[0] 	Messages passed:   47860 (1.32% trans), control: 3 (0.01% all)
[0] 	States:            1247999 (311708.3/sec)
[0] 	BFS queue len:     3831 (0.31% states, 0.11% trans)
[0] 	State hash:
[0] 		Entries:       67108864
[0] 		Used:          1247999 (1.9%)
[0] 		Collisions:    35066 (2.8%)
[0] 		Avg col. len.: 1.0
[0] 	State size:
[0] 		Min:           104
[0] 		Max:           104
[0] 		Avg:           104.0
[0] 	Memory usage:
[0] 		Hashtable:     512.0 MiB
[0] 		Visited:       123.8 MiB
[0] BRIEF S1247999 T3621622 M47860 R4.004 I20.524
[0] MPI node (0 of 8) stopped
[1] MPI node (1 of 8) starting...
[1] Parallel run summary:
[1] 	Time:
[1] 		Total:         24.530 sec
[1] 		Run:           24.329 sec (99.2% total)
[1] 		Idle           0.200 sec (0.058 recv, 0.142 send)
[1] 	Transitions taken: 28981441 (1191207.1/sec)
[1] 	Messages passed:   102398 (0.35% trans), control: 3 (0.00% all)
[1] 	States:            8444696 (347097.4/sec)
[1] 	BFS queue len:     74184 (0.88% states, 0.26% trans)
[1] 	State hash:
[1] 		Entries:       67108864
[1] 		Used:          8444696 (12.6%)
[1] 		Collisions:    1868784 (22.1%)
[1] 		Avg col. len.: 1.1
[1] 	State size:
[1] 		Min:           104
[1] 		Max:           104
[1] 		Avg:           104.0
[1] 	Memory usage:
[1] 		Hashtable:     512.0 MiB
[1] 		Visited:       837.6 MiB
[1] BRIEF S8444696 T28981441 M102398 R24.329 I0.200
[1] MPI node (1 of 8) stopped
[2] MPI node (2 of 8) starting...
[2] Parallel run summary:
[2] 	Time:
[2] 		Total:         24.530 sec
[2] 		Run:           10.373 sec (42.3% total)
[2] 		Idle           14.157 sec (14.120 recv, 0.036 send)
[2] 	Transitions taken: 12029490 (1159689.0/sec)
[2] 	Messages passed:   48241 (0.40% trans), control: 3 (0.01% all)
[2] 	States:            3447896 (332390.4/sec)
[2] 	BFS queue len:     33004 (0.96% states, 0.27% trans)
[2] 	State hash:
[2] 		Entries:       67108864
[2] 		Used:          3447896 (5.1%)
[2] 		Collisions:    313301 (9.1%)
[2] 		Avg col. len.: 1.1
[2] 	State size:
[2] 		Min:           104
[2] 		Max:           104
[2] 		Avg:           104.0
[2] 	Memory usage:
[2] 		Hashtable:     512.0 MiB
[2] 		Visited:       342.0 MiB
[2] BRIEF S3447896 T12029490 M48241 R10.373 I14.157
[2] MPI node (2 of 8) stopped
[3] MPI node (3 of 8) starting...
[3] Parallel run summary:
[3] 	Time:
[3] 		Total:         24.529 sec
[3] 		Run:           2.972 sec (12.1% total)
[3] 		Idle           21.558 sec (21.370 recv, 0.188 send)
[3] 	Transitions taken: 2443036 (822121.9/sec)
[3] 	Messages passed:   60189 (2.46% trans), control: 3 (0.00% all)
[3] 	States:            746549 (251226.1/sec)
[3] 	BFS queue len:     3654 (0.49% states, 0.15% trans)
[3] 	State hash:
[3] 		Entries:       67108864
[3] 		Used:          746549 (1.1%)
[3] 		Collisions:    13752 (1.8%)
[3] 		Avg col. len.: 1.0
[3] 	State size:
[3] 		Min:           104
[3] 		Max:           104
[3] 		Avg:           104.0
[3] 	Memory usage:
[3] 		Hashtable:     512.0 MiB
[3] 		Visited:       74.0 MiB
[3] BRIEF S746549 T2443036 M60189 R2.972 I21.558
[3] MPI node (3 of 8) stopped
[4] MPI node (4 of 8) starting...
[4] Parallel run summary:
[4] 	Time:
[4] 		Total:         24.529 sec
[4] 		Run:           2.352 sec (9.6% total)
[4] 		Idle           22.178 sec (22.136 recv, 0.042 send)
[4] 	Transitions taken: 1639858 (697306.4/sec)
[4] 	Messages passed:   68063 (4.15% trans), control: 3 (0.00% all)
[4] 	States:            632230 (268839.2/sec)
[4] 	BFS queue len:     1358 (0.21% states, 0.08% trans)
[4] 	State hash:
[4] 		Entries:       67108864
[4] 		Used:          632230 (0.9%)
[4] 		Collisions:    7616 (1.2%)
[4] 		Avg col. len.: 1.0
[4] 	State size:
[4] 		Min:           104
[4] 		Max:           104
[4] 		Avg:           104.0
[4] 	Memory usage:
[4] 		Hashtable:     512.0 MiB
[4] 		Visited:       62.7 MiB
[4] BRIEF S632230 T1639858 M68063 R2.352 I22.178
[4] MPI node (4 of 8) stopped
[5] MPI node (5 of 8) starting...
[5] Parallel run summary:
[5] 	Time:
[5] 		Total:         24.529 sec
[5] 		Run:           15.210 sec (62.0% total)
[5] 		Idle           9.319 sec (9.293 recv, 0.026 send)
[5] 	Transitions taken: 16954627 (1114706.2/sec)
[5] 	Messages passed:   160715 (0.95% trans), control: 3 (0.00% all)
[5] 	States:            5013686 (329632.0/sec)
[5] 	BFS queue len:     117283 (2.34% states, 0.69% trans)
[5] 	State hash:
[5] 		Entries:       67108864
[5] 		Used:          5013686 (7.5%)
[5] 		Collisions:    640331 (12.8%)
[5] 		Avg col. len.: 1.1
[5] 	State size:
[5] 		Min:           104
[5] 		Max:           104
[5] 		Avg:           104.0
[5] 	Memory usage:
[5] 		Hashtable:     512.0 MiB
[5] 		Visited:       497.3 MiB
[5] BRIEF S5013686 T16954627 M160715 R15.210 I9.319
[5] MPI node (5 of 8) stopped
[6] MPI node (6 of 8) starting...
[6] Parallel run summary:
[6] 	Time:
[6] 		Total:         24.529 sec
[6] 		Run:           4.140 sec (16.9% total)
[6] 		Idle           20.389 sec (20.352 recv, 0.037 send)
[6] 	Transitions taken: 3957288 (955833.3/sec)
[6] 	Messages passed:   27802 (0.70% trans), control: 3 (0.01% all)
[6] 	States:            1186397 (286559.3/sec)
[6] 	BFS queue len:     5263 (0.44% states, 0.13% trans)
[6] 	State hash:
[6] 		Entries:       67108864
[6] 		Used:          1186397 (1.8%)
[6] 		Collisions:    36694 (3.1%)
[6] 		Avg col. len.: 1.0
[6] 	State size:
[6] 		Min:           104
[6] 		Max:           104
[6] 		Avg:           104.0
[6] 	Memory usage:
[6] 		Hashtable:     512.0 MiB
[6] 		Visited:       117.7 MiB
[6] BRIEF S1186397 T3957288 M27802 R4.140 I20.389
[6] MPI node (6 of 8) stopped
[7] MPI node (7 of 8) starting...
[7] Parallel run summary:
[7] 	Time:
[7] 		Total:         24.529 sec
[7] 		Run:           6.631 sec (27.0% total)
[7] 		Idle           17.898 sec (17.889 recv, 0.010 send)
[7] 	Transitions taken: 6560965 (989456.9/sec)
[7] 	Messages passed:   162218 (2.47% trans), control: 3 (0.00% all)
[7] 	States:            1988590 (299898.6/sec)
[7] 	BFS queue len:     21790 (1.10% states, 0.33% trans)
[7] 	State hash:
[7] 		Entries:       67108864
[7] 		Used:          1988590 (3.0%)
[7] 		Collisions:    98188 (4.9%)
[7] 		Avg col. len.: 1.0
[7] 	State size:
[7] 		Min:           104
[7] 		Max:           104
[7] 		Avg:           104.0
[7] 	Memory usage:
[7] 		Hashtable:     512.0 MiB
[7] 		Visited:       197.2 MiB
[7] BRIEF S1988590 T6560965 M162218 R6.631 I17.898
[7] MPI node (7 of 8) stopped
