5:

State-vector 44 byte, depth reached 517, errors: 0
    41132 states, stored
   173292 states, matched
   214424 transitions (= stored+matched)
        0 atomic steps
hash conflicts:      5962 (resolved)

   30.851	memory usage (Mbyte)
pan: elapsed time 0.07 seconds
pan: rate    587600 states/second


6:

State-vector 48 byte, depth reached 1762, errors: 0
   250812 states, stored
  1289391 states, matched
  1540203 transitions (= stored+matched)
        0 atomic steps
hash conflicts:    158922 (resolved)

   41.789	memory usage (Mbyte)
pan: elapsed time 0.5 seconds
pan: rate    501624 states/second

7:

State-vector 56 byte, depth reached 5381, errors: 0
  1507504 states, stored
  9150866 states, matched
 10658370 transitions (= stored+matched)
        0 atomic steps
hash conflicts:   7465541 (resolved)

  118.254	memory usage (Mbyte)
pan: elapsed time 4.18 seconds
pan: rate 360646.89 states/second

8:

State-vector 60 byte, depth reached 19212, errors: 0
  8958416 states, stored
 62714889 states, matched
 71673305 transitions (= stored+matched)
        0 atomic steps
hash conflicts:  44941300 (resolved)
  631.984	memory usage (Mbyte)
pan: elapsed time 31 seconds
pan: rate 289074.41 states/second

9:

OOPS
