[0] MPI node (0 of 4) starting...
[0] Parallel run summary:
[0] 	Time:
[0] 		Total:         70.618 sec
[0] 		Run:           25.211 sec (35.7% total)
[0] 		Idle           45.407 sec (29.275 recv, 16.132 send)
[0] 	Transitions taken: 19696266 (781270.7/sec)
[0] 	Messages passed:   3434140 (17.44% trans), control: 5 (0.00% all)
[0] 	States:            5963423 (236544.7/sec)
[0] 	BFS queue len:     63157 (1.06% states, 0.32% trans)
[0] 	State hash:
[0] 		Entries:       67108864
[0] 		Used:          5963423 (8.9%)
[0] 		Collisions:    878349 (14.7%)
[0] 		Avg col. len.: 1.1
[0] 	State size:
[0] 		Min:           104
[0] 		Max:           104
[0] 		Avg:           104.0
[0] 	Memory usage:
[0] 		Hashtable:     512.0 MiB
[0] 		Visited:       591.5 MiB
[0] BRIEF S5963423 T19696266 M3434140 R25.211 I45.407
[0] MPI node (0 of 4) stopped
[1] MPI node (1 of 4) starting...
[1] Parallel run summary:
[1] 	Time:
[1] 		Total:         70.620 sec
[1] 		Run:           30.179 sec (42.7% total)
[1] 		Idle           40.441 sec (12.864 recv, 27.577 send)
[1] 	Transitions taken: 24486762 (811393.9/sec)
[1] 	Messages passed:   2250268 (9.19% trans), control: 5 (0.00% all)
[1] 	States:            7343855 (243346.2/sec)
[1] 	BFS queue len:     629868 (8.58% states, 2.57% trans)
[1] 	State hash:
[1] 		Entries:       67108864
[1] 		Used:          7343855 (10.9%)
[1] 		Collisions:    1458438 (19.9%)
[1] 		Avg col. len.: 1.1
[1] 	State size:
[1] 		Min:           104
[1] 		Max:           104
[1] 		Avg:           104.0
[1] 	Memory usage:
[1] 		Hashtable:     512.0 MiB
[1] 		Visited:       728.4 MiB
[1] BRIEF S7343855 T24486762 M2250268 R30.179 I40.441
[1] MPI node (1 of 4) stopped
[2] MPI node (2 of 4) starting...
[2] Parallel run summary:
[2] 	Time:
[2] 		Total:         70.620 sec
[2] 		Run:           22.467 sec (31.8% total)
[2] 		Idle           48.153 sec (4.268 recv, 43.885 send)
[2] 	Transitions taken: 16200765 (721089.9/sec)
[2] 	Messages passed:   2687232 (16.59% trans), control: 5 (0.00% all)
[2] 	States:            4970366 (221229.1/sec)
[2] 	BFS queue len:     125847 (2.53% states, 0.78% trans)
[2] 	State hash:
[2] 		Entries:       67108864
[2] 		Used:          4970366 (7.4%)
[2] 		Collisions:    595064 (12.0%)
[2] 		Avg col. len.: 1.1
[2] 	State size:
[2] 		Min:           104
[2] 		Max:           104
[2] 		Avg:           104.0
[2] 	Memory usage:
[2] 		Hashtable:     512.0 MiB
[2] 		Visited:       493.0 MiB
[2] BRIEF S4970366 T16200765 M2687232 R22.467 I48.153
[2] MPI node (2 of 4) stopped
[3] MPI node (3 of 4) starting...
[3] Parallel run summary:
[3] 	Time:
[3] 		Total:         70.620 sec
[3] 		Run:           23.647 sec (33.5% total)
[3] 		Idle           46.973 sec (4.869 recv, 42.104 send)
[3] 	Transitions taken: 15804534 (668360.7/sec)
[3] 	Messages passed:   3560776 (22.53% trans), control: 5 (0.00% all)
[3] 	States:            4430399 (187357.9/sec)
[3] 	BFS queue len:     133617 (3.02% states, 0.85% trans)
[3] 	State hash:
[3] 		Entries:       67108864
[3] 		Used:          4430399 (6.6%)
[3] 		Collisions:    506653 (11.4%)
[3] 		Avg col. len.: 1.1
[3] 	State size:
[3] 		Min:           104
[3] 		Max:           104
[3] 		Avg:           104.0
[3] 	Memory usage:
[3] 		Hashtable:     512.0 MiB
[3] 		Visited:       439.4 MiB
[3] BRIEF S4430399 T15804534 M3560776 R23.647 I46.973
[3] MPI node (3 of 4) stopped
