[0] MPI node (0 of 8) starting...
[0] Parallel run summary:
[0] 	Time:
[0] 		Total:         43.214 sec
[0] 		Run:           20.131 sec (46.6% total)
[0] 		Idle           23.083 sec (16.100 recv, 6.983 send)
[0] 	Transitions taken: 15164492 (753291.1/sec)
[0] 	Messages passed:   2587815 (17.06% trans), control: 4 (0.00% all)
[0] 	States:            4515329 (224297.5/sec)
[0] 	BFS queue len:     49574 (1.10% states, 0.33% trans)
[0] 	State hash:
[0] 		Entries:       67108864
[0] 		Used:          4515329 (6.7%)
[0] 		Collisions:    494058 (10.9%)
[0] 		Avg col. len.: 1.1
[0] 	State size:
[0] 		Min:           104
[0] 		Max:           104
[0] 		Avg:           104.0
[0] 	Memory usage:
[0] 		Hashtable:     512.0 MiB
[0] 		Visited:       447.8 MiB
[0] BRIEF S4515329 T15164492 M2587815 R20.131 I23.083
[0] MPI node (0 of 8) stopped
[1] MPI node (1 of 8) starting...
[1] Parallel run summary:
[1] 	Time:
[1] 		Total:         43.216 sec
[1] 		Run:           28.200 sec (65.3% total)
[1] 		Idle           15.016 sec (2.443 recv, 12.573 send)
[1] 	Transitions taken: 21792263 (772763.3/sec)
[1] 	Messages passed:   1772129 (8.13% trans), control: 4 (0.00% all)
[1] 	States:            6525218 (231387.1/sec)
[1] 	BFS queue len:     469631 (7.20% states, 2.16% trans)
[1] 	State hash:
[1] 		Entries:       67108864
[1] 		Used:          6525218 (9.7%)
[1] 		Collisions:    1197423 (18.4%)
[1] 		Avg col. len.: 1.1
[1] 	State size:
[1] 		Min:           104
[1] 		Max:           104
[1] 		Avg:           104.0
[1] 	Memory usage:
[1] 		Hashtable:     512.0 MiB
[1] 		Visited:       647.2 MiB
[1] BRIEF S6525218 T21792263 M1772129 R28.200 I15.016
[1] MPI node (1 of 8) stopped
[2] MPI node (2 of 8) starting...
[2] Parallel run summary:
[2] 	Time:
[2] 		Total:         43.216 sec
[2] 		Run:           12.031 sec (27.8% total)
[2] 		Idle           31.185 sec (16.095 recv, 15.090 send)
[2] 	Transitions taken: 7910699 (657542.7/sec)
[2] 	Messages passed:   996459 (12.60% trans), control: 4 (0.00% all)
[2] 	States:            2613187 (217209.9/sec)
[2] 	BFS queue len:     65519 (2.51% states, 0.83% trans)
[2] 	State hash:
[2] 		Entries:       67108864
[2] 		Used:          2613187 (3.9%)
[2] 		Collisions:    177447 (6.8%)
[2] 		Avg col. len.: 1.0
[2] 	State size:
[2] 		Min:           104
[2] 		Max:           104
[2] 		Avg:           104.0
[2] 	Memory usage:
[2] 		Hashtable:     512.0 MiB
[2] 		Visited:       259.2 MiB
[2] BRIEF S2613187 T7910699 M996459 R12.031 I31.185
[2] MPI node (2 of 8) stopped
[3] MPI node (3 of 8) starting...
[3] Parallel run summary:
[3] 	Time:
[3] 		Total:         43.216 sec
[3] 		Run:           8.306 sec (19.2% total)
[3] 		Idle           34.910 sec (22.807 recv, 12.104 send)
[3] 	Transitions taken: 4678620 (563286.6/sec)
[3] 	Messages passed:   1098634 (23.48% trans), control: 4 (0.00% all)
[3] 	States:            1404773 (169128.9/sec)
[3] 	BFS queue len:     19776 (1.41% states, 0.42% trans)
[3] 	State hash:
[3] 		Entries:       67108864
[3] 		Used:          1404773 (2.1%)
[3] 		Collisions:    49007 (3.5%)
[3] 		Avg col. len.: 1.0
[3] 	State size:
[3] 		Min:           104
[3] 		Max:           104
[3] 		Avg:           104.0
[3] 	Memory usage:
[3] 		Hashtable:     512.0 MiB
[3] 		Visited:       139.3 MiB
[3] BRIEF S1404773 T4678620 M1098634 R8.306 I34.910
[3] MPI node (3 of 8) stopped
[4] MPI node (4 of 8) starting...
[4] Parallel run summary:
[4] 	Time:
[4] 		Total:         43.216 sec
[4] 		Run:           7.188 sec (16.6% total)
[4] 		Idle           36.028 sec (18.330 recv, 17.698 send)
[4] 	Transitions taken: 4531774 (630426.1/sec)
[4] 	Messages passed:   873926 (19.28% trans), control: 4 (0.00% all)
[4] 	States:            1448094 (201447.9/sec)
[4] 	BFS queue len:     41717 (2.88% states, 0.92% trans)
[4] 	State hash:
[4] 		Entries:       67108864
[4] 		Used:          1448094 (2.2%)
[4] 		Collisions:    51178 (3.5%)
[4] 		Avg col. len.: 1.0
[4] 	State size:
[4] 		Min:           104
[4] 		Max:           104
[4] 		Avg:           104.0
[4] 	Memory usage:
[4] 		Hashtable:     512.0 MiB
[4] 		Visited:       143.6 MiB
[4] BRIEF S1448094 T4531774 M873926 R7.188 I36.028
[4] MPI node (4 of 8) stopped
[5] MPI node (5 of 8) starting...
[5] Parallel run summary:
[5] 	Time:
[5] 		Total:         43.216 sec
[5] 		Run:           4.972 sec (11.5% total)
[5] 		Idle           38.244 sec (21.485 recv, 16.760 send)
[5] 	Transitions taken: 2694499 (541962.5/sec)
[5] 	Messages passed:   686731 (25.49% trans), control: 4 (0.00% all)
[5] 	States:            818637 (164657.9/sec)
[5] 	BFS queue len:     23766 (2.90% states, 0.88% trans)
[5] 	State hash:
[5] 		Entries:       67108864
[5] 		Used:          818637 (1.2%)
[5] 		Collisions:    14987 (1.8%)
[5] 		Avg col. len.: 1.0
[5] 	State size:
[5] 		Min:           104
[5] 		Max:           104
[5] 		Avg:           104.0
[5] 	Memory usage:
[5] 		Hashtable:     512.0 MiB
[5] 		Visited:       81.2 MiB
[5] BRIEF S818637 T2694499 M686731 R4.972 I38.244
[5] MPI node (5 of 8) stopped
[6] MPI node (6 of 8) starting...
[6] Parallel run summary:
[6] 	Time:
[6] 		Total:         43.216 sec
[6] 		Run:           11.583 sec (26.8% total)
[6] 		Idle           31.633 sec (7.311 recv, 24.322 send)
[6] 	Transitions taken: 8290066 (715722.9/sec)
[6] 	Messages passed:   1863858 (22.48% trans), control: 4 (0.00% all)
[6] 	States:            2357179 (203507.1/sec)
[6] 	BFS queue len:     117314 (4.98% states, 1.42% trans)
[6] 	State hash:
[6] 		Entries:       67108864
[6] 		Used:          2357179 (3.5%)
[6] 		Collisions:    128806 (5.5%)
[6] 		Avg col. len.: 1.0
[6] 	State size:
[6] 		Min:           104
[6] 		Max:           104
[6] 		Avg:           104.0
[6] 	Memory usage:
[6] 		Hashtable:     512.0 MiB
[6] 		Visited:       233.8 MiB
[6] BRIEF S2357179 T8290066 M1863858 R11.583 I31.633
[6] MPI node (6 of 8) stopped
[7] MPI node (7 of 8) starting...
[7] Parallel run summary:
[7] 	Time:
[7] 		Total:         43.216 sec
[7] 		Run:           16.686 sec (38.6% total)
[7] 		Idle           26.530 sec (1.182 recv, 25.347 send)
[7] 	Transitions taken: 11125914 (666769.6/sec)
[7] 	Messages passed:   2619789 (23.55% trans), control: 4 (0.00% all)
[7] 	States:            3025626 (181324.0/sec)
[7] 	BFS queue len:     239193 (7.91% states, 2.15% trans)
[7] 	State hash:
[7] 		Entries:       67108864
[7] 		Used:          3025626 (4.5%)
[7] 		Collisions:    232527 (7.7%)
[7] 		Avg col. len.: 1.0
[7] 	State size:
[7] 		Min:           104
[7] 		Max:           104
[7] 		Avg:           104.0
[7] 	Memory usage:
[7] 		Hashtable:     512.0 MiB
[7] 		Visited:       300.1 MiB
[7] BRIEF S3025626 T11125914 M2619789 R16.686 I26.530
[7] MPI node (7 of 8) stopped
