[0] MPI node (0 of 4) starting...
[0] Parallel run summary:
[0] 	Time:
[0] 		Total:         13.520 sec
[0] 		Run:           12.779 sec (94.5% total)
[0] 		Idle           0.742 sec (0.706 recv, 0.036 send)
[0] 	Transitions taken: 10368303 (811366.2/sec)
[0] 	Messages passed:   937590 (9.04% trans), control: 4 (0.00% all)
[0] 	States:            6066654 (474742.8/sec)
[0] 	BFS queue len:     444267 (7.32% states, 4.28% trans)
[0] 	State hash:
[0] 		Entries:       67108864
[0] 		Used:          6066654 (9.0%)
[0] 		Collisions:    454598 (7.5%)
[0] 		Avg col. len.: 1.1
[0] 	State size:
[0] 		Min:           27
[0] 		Max:           27
[0] 		Avg:           27.0
[0] 	Memory usage:
[0] 		Hashtable:     512.0 MiB
[0] 		Visited:       156.2 MiB
[0] BRIEF S6066654 T10368303 M937590 R12.779 I0.742
[0] MPI node (0 of 4) stopped
[1] MPI node (1 of 4) starting...
[1] Parallel run summary:
[1] 	Time:
[1] 		Total:         13.523 sec
[1] 		Run:           4.647 sec (34.4% total)
[1] 		Idle           8.876 sec (8.844 recv, 0.032 send)
[1] 	Transitions taken: 1248036 (268564.4/sec)
[1] 	Messages passed:   892469 (71.51% trans), control: 4 (0.00% all)
[1] 	States:            1248036 (268564.4/sec)
[1] 	BFS queue len:     84 (0.01% states, 0.01% trans)
[1] 	State hash:
[1] 		Entries:       67108864
[1] 		Used:          1248036 (1.9%)
[1] 		Collisions:    11694 (0.9%)
[1] 		Avg col. len.: 1.0
[1] 	State size:
[1] 		Min:           27
[1] 		Max:           27
[1] 		Avg:           27.0
[1] 	Memory usage:
[1] 		Hashtable:     512.0 MiB
[1] 		Visited:       32.1 MiB
[1] BRIEF S1248036 T1248036 M892469 R4.647 I8.876
[1] MPI node (1 of 4) stopped
[2] MPI node (2 of 4) starting...
[2] Parallel run summary:
[2] 	Time:
[2] 		Total:         13.523 sec
[2] 		Run:           13.380 sec (98.9% total)
[2] 		Idle           0.143 sec (0.038 recv, 0.105 send)
[2] 	Transitions taken: 9754748 (729073.7/sec)
[2] 	Messages passed:   1217041 (12.48% trans), control: 4 (0.00% all)
[2] 	States:            6292096 (470273.7/sec)
[2] 	BFS queue len:     252382 (4.01% states, 2.59% trans)
[2] 	State hash:
[2] 		Entries:       67108864
[2] 		Used:          6292096 (9.4%)
[2] 		Collisions:    463681 (7.4%)
[2] 		Avg col. len.: 1.1
[2] 	State size:
[2] 		Min:           27
[2] 		Max:           27
[2] 		Avg:           27.0
[2] 	Memory usage:
[2] 		Hashtable:     512.0 MiB
[2] 		Visited:       162.0 MiB
[2] BRIEF S6292096 T9754748 M1217041 R13.380 I0.143
[2] MPI node (2 of 4) stopped
[3] MPI node (3 of 4) starting...
[3] Parallel run summary:
[3] 	Time:
[3] 		Total:         13.523 sec
[3] 		Run:           10.411 sec (77.0% total)
[3] 		Idle           3.112 sec (2.993 recv, 0.119 send)
[3] 	Transitions taken: 8269432 (794316.9/sec)
[3] 	Messages passed:   932651 (11.28% trans), control: 4 (0.00% all)
[3] 	States:            4992075 (479511.7/sec)
[3] 	BFS queue len:     111178 (2.23% states, 1.34% trans)
[3] 	State hash:
[3] 		Entries:       67108864
[3] 		Used:          4992075 (7.4%)
[3] 		Collisions:    298825 (6.0%)
[3] 		Avg col. len.: 1.1
[3] 	State size:
[3] 		Min:           27
[3] 		Max:           27
[3] 		Avg:           27.0
[3] 	Memory usage:
[3] 		Hashtable:     512.0 MiB
[3] 		Visited:       128.5 MiB
[3] BRIEF S4992075 T8269432 M932651 R10.411 I3.112
[3] MPI node (3 of 4) stopped
