[0] MPI node (0 of 4) starting...
[0] Parallel run summary:
[0] 	Time:
[0] 		Total:         0.380 sec
[0] 		Run:           0.157 sec (41.2% total)
[0] 		Idle           0.224 sec (0.223 recv, 0.001 send)
[0] 	Transitions taken: 22052 (140847.0/sec)
[0] 	Messages passed:   16572 (75.15% trans), control: 4 (0.02% all)
[0] 	States:            14549 (92925.0/sec)
[0] 	BFS queue len:     183 (1.26% states, 0.83% trans)
[0] 	State hash:
[0] 		Entries:       67108864
[0] 		Used:          14549 (0.0%)
[0] 		Collisions:    5 (0.0%)
[0] 		Avg col. len.: 1.0
[0] 	State size:
[0] 		Min:           19
[0] 		Max:           19
[0] 		Avg:           19.0
[0] 	Memory usage:
[0] 		Hashtable:     512.0 MiB
[0] 		Visited:       0.3 MiB
[0] BRIEF S14549 T22052 M16572 R0.157 I0.224
[0] MPI node (0 of 4) stopped
[1] MPI node (1 of 4) starting...
[1] Parallel run summary:
[1] 	Time:
[1] 		Total:         0.382 sec
[1] 		Run:           0.153 sec (40.0% total)
[1] 		Idle           0.230 sec (0.203 recv, 0.027 send)
[1] 	Transitions taken: 21534 (140879.1/sec)
[1] 	Messages passed:   16291 (75.65% trans), control: 4 (0.02% all)
[1] 	States:            14436 (94442.8/sec)
[1] 	BFS queue len:     94 (0.65% states, 0.44% trans)
[1] 	State hash:
[1] 		Entries:       67108864
[1] 		Used:          14436 (0.0%)
[1] 		Collisions:    0 (0.0%)
[1] 		Avg col. len.: nan
[1] 	State size:
[1] 		Min:           19
[1] 		Max:           19
[1] 		Avg:           19.0
[1] 	Memory usage:
[1] 		Hashtable:     512.0 MiB
[1] 		Visited:       0.3 MiB
[1] BRIEF S14436 T21534 M16291 R0.153 I0.230
[1] MPI node (1 of 4) stopped
[2] MPI node (2 of 4) starting...
[2] Parallel run summary:
[2] 	Time:
[2] 		Total:         0.382 sec
[2] 		Run:           0.154 sec (40.3% total)
[2] 		Idle           0.228 sec (0.111 recv, 0.117 send)
[2] 	Transitions taken: 22091 (143270.8/sec)
[2] 	Messages passed:   16671 (75.47% trans), control: 4 (0.02% all)
[2] 	States:            14553 (94383.2/sec)
[2] 	BFS queue len:     1872 (12.86% states, 8.47% trans)
[2] 	State hash:
[2] 		Entries:       67108864
[2] 		Used:          14553 (0.0%)
[2] 		Collisions:    0 (0.0%)
[2] 		Avg col. len.: nan
[2] 	State size:
[2] 		Min:           19
[2] 		Max:           19
[2] 		Avg:           19.0
[2] 	Memory usage:
[2] 		Hashtable:     512.0 MiB
[2] 		Visited:       0.3 MiB
[2] BRIEF S14553 T22091 M16671 R0.154 I0.228
[2] MPI node (2 of 4) stopped
[3] MPI node (3 of 4) starting...
[3] Parallel run summary:
[3] 	Time:
[3] 		Total:         0.382 sec
[3] 		Run:           0.155 sec (40.7% total)
[3] 		Idle           0.227 sec (0.140 recv, 0.087 send)
[3] 	Transitions taken: 21982 (141455.6/sec)
[3] 	Messages passed:   16492 (75.03% trans), control: 4 (0.02% all)
[3] 	States:            14575 (93791.1/sec)
[3] 	BFS queue len:     1146 (7.86% states, 5.21% trans)
[3] 	State hash:
[3] 		Entries:       67108864
[3] 		Used:          14575 (0.0%)
[3] 		Collisions:    3 (0.0%)
[3] 		Avg col. len.: 1.0
[3] 	State size:
[3] 		Min:           19
[3] 		Max:           19
[3] 		Avg:           19.0
[3] 	Memory usage:
[3] 		Hashtable:     512.0 MiB
[3] 		Visited:       0.3 MiB
[3] BRIEF S14575 T21982 M16492 R0.155 I0.227
[3] MPI node (3 of 4) stopped
